<?xml version="1.0" encoding="UTF-8"?>
<!-- Generated by org.testng.reporters.JUnitReportReporter -->
<testsuite skipped="1" hostname="BRILAP3333" name="homeTest.YahooSearchTC" tests="2" failures="0" timestamp="05 Jan 2022 11:12:11 GMT" time="92.555" errors="0">
  <testcase name="yahooSearchAll" time="92.555" classname="homeTest.YahooSearchTC"/>
  <testcase name="yahooSearch" classname="homeTest.YahooSearchTC">
    <skipped/>
  </testcase> <!-- yahooSearch -->
</testsuite> <!-- homeTest.YahooSearchTC -->
