<?xml version="1.0" encoding="UTF-8"?>
<!-- Generated by org.testng.reporters.JUnitReportReporter -->
<testsuite skipped="0" hostname="BRILAP3333" name="homeTest.RegressionPack" tests="3" failures="0" timestamp="04 Jan 2022 09:46:07 GMT" time="45.225" errors="0">
  <testcase name="googleSearch" time="10.120" classname="homeTest.RegressionPack"/>
  <testcase name="bingSearch" time="15.953" classname="homeTest.RegressionPack"/>
  <testcase name="yahooSearch" time="19.152" classname="homeTest.RegressionPack"/>
</testsuite> <!-- homeTest.RegressionPack -->
