<?xml version="1.0" encoding="UTF-8"?>
<!-- Generated by org.testng.reporters.JUnitReportReporter -->
<testsuite skipped="0" hostname="BRILAP3333" name="homeTest.BingSearch" tests="1" failures="0" timestamp="04 Jan 2022 10:06:08 GMT" time="14.344" errors="0">
  <testcase name="bingSearch" time="14.344" classname="homeTest.BingSearch"/>
</testsuite> <!-- homeTest.BingSearch -->
