<?xml version="1.0" encoding="UTF-8"?>
<!-- Generated by org.testng.reporters.JUnitReportReporter -->
<testsuite skipped="0" hostname="BRILAP3333" name="homeTest.GoogleHomePageTC" tests="1" failures="0" timestamp="04 Jan 2022 15:26:17 GMT" time="13.063" errors="0">
  <testcase name="search" time="13.063" classname="homeTest.GoogleHomePageTC"/>
</testsuite> <!-- homeTest.GoogleHomePageTC -->
