<?xml version="1.0" encoding="UTF-8"?>
<!-- Generated by org.testng.reporters.JUnitReportReporter -->
<testsuite hostname="BRILAP3333" failures="0" tests="1" name="bingTest.BingSearchTC" time="12.924" errors="0" timestamp="14 Jan 2022 15:36:41 GMT" skipped="0">
  <testcase classname="bingTest.BingSearchTC" name="bingSearcAllh" time="12.924"/>
</testsuite> <!-- bingTest.BingSearchTC -->
