<?xml version="1.0" encoding="UTF-8"?>
<!-- Generated by org.testng.reporters.JUnitReportReporter -->
<testsuite skipped="0" hostname="BRILAP3333" name="homeTest.GoogleHomePageTC" tests="1" failures="0" timestamp="27 Dec 2021 09:59:40 GMT" time="52.385" errors="0">
  <testcase name="search" time="52.385" classname="homeTest.GoogleHomePageTC"/>
</testsuite> <!-- homeTest.GoogleHomePageTC -->
