<?xml version="1.0" encoding="UTF-8"?>
<!-- Generated by org.testng.reporters.JUnitReportReporter -->
<testsuite skipped="0" hostname="BRILAP3333" name="homeTest.BingSearchTC" tests="2" failures="0" timestamp="06 Jan 2022 05:50:12 GMT" time="87.455" errors="0">
  <testcase name="bingSearch" time="12.321" classname="homeTest.BingSearchTC"/>
  <testcase name="bingSearcAllh" time="75.134" classname="homeTest.BingSearchTC"/>
</testsuite> <!-- homeTest.BingSearchTC -->
