<?xml version="1.0" encoding="UTF-8"?>
<!-- Generated by org.testng.reporters.JUnitReportReporter -->
<testsuite skipped="0" hostname="BRILAP3333" name="homeTest.RegressionPack" tests="3" failures="0" timestamp="23 Dec 2021 05:06:22 GMT" time="39.384" errors="0">
  <testcase name="googleSearch" time="9.740" classname="homeTest.RegressionPack"/>
  <testcase name="bingSearch" time="11.634" classname="homeTest.RegressionPack"/>
  <testcase name="yahooSearch" time="18.010" classname="homeTest.RegressionPack"/>
</testsuite> <!-- homeTest.RegressionPack -->
