<?xml version="1.0" encoding="UTF-8"?>
<!-- Generated by org.testng.reporters.JUnitReportReporter -->
<testsuite skipped="0" hostname="BRILAP3333" name="homeTest.BingSearch" tests="1" failures="0" timestamp="23 Dec 2021 08:17:50 GMT" time="13.301" errors="0">
  <testcase name="bingSearch" time="13.301" classname="homeTest.BingSearch"/>
</testsuite> <!-- homeTest.BingSearch -->
