<?xml version="1.0" encoding="UTF-8"?>
<!-- Generated by org.testng.reporters.JUnitReportReporter -->
<testsuite skipped="0" hostname="BRILAP3333" name="bingTest.BingSearchTC" tests="1" failures="0" timestamp="14 Jan 2022 14:53:09 GMT" time="13.405" errors="0">
  <testcase name="bingSearcAllh" time="13.405" classname="bingTest.BingSearchTC"/>
</testsuite> <!-- bingTest.BingSearchTC -->
